JUnit version 4.11-SNAPSHOT-20120416-1530
.E
Time: 0.009
There was 1 failure:
1) initializationError(ProfitTest)
java.lang.Exception: No runnable methods

FAILURES!!!
Tests run: 1,  Failures: 1

